[15:19:56] [Client thread/INFO]: Setting user: Player745
[15:19:59] [Client thread/INFO]: LWJGL Version: 2.9.2
[15:20:07] [Client thread/INFO]: Reloading ResourceManager: Default, FMLFileResourcePack:Forge Mod Loader, FMLFileResourcePack:Minecraft Forge, FMLFileResourcePack:stuff
[15:20:08] [Sound Library Loader/INFO]: Starting up SoundSystem...
[15:20:08] [Thread-7/INFO]: Initializing LWJGL OpenAL
[15:20:08] [Thread-7/INFO]: (The LWJGL binding of OpenAL.  For more information, see http://www.lwjgl.org)
[15:20:08] [Thread-7/INFO]: OpenAL initialized.
[15:20:09] [Sound Library Loader/INFO]: Sound engine started
[15:20:11] [Client thread/INFO]: Created: 512x512 textures-atlas
[15:20:12] [Client thread/INFO]: Reloading ResourceManager: Default, FMLFileResourcePack:Forge Mod Loader, FMLFileResourcePack:Minecraft Forge, FMLFileResourcePack:stuff
[15:20:12] [Client thread/INFO]: SoundSystem shutting down...
[15:20:12] [Client thread/WARN]: Author: Paul Lamb, www.paulscode.com
[15:20:12] [Sound Library Loader/INFO]: Starting up SoundSystem...
[15:20:12] [Thread-9/INFO]: Initializing LWJGL OpenAL
[15:20:12] [Thread-9/INFO]: (The LWJGL binding of OpenAL.  For more information, see http://www.lwjgl.org)
[15:20:12] [Thread-9/INFO]: OpenAL initialized.
[15:20:13] [Sound Library Loader/INFO]: Sound engine started
[15:20:14] [Client thread/INFO]: Created: 512x512 textures-atlas
[15:20:19] [Server thread/INFO]: Starting integrated minecraft server version 1.8
[15:20:19] [Server thread/INFO]: Generating keypair
[15:20:20] [Server thread/INFO]: Preparing start region for level 0
[15:20:21] [Server thread/INFO]: Preparing spawn area: 33%
[15:20:23] [Server thread/INFO]: Changing view distance to 12, from 10
[15:20:23] [Server thread/INFO]: Player745[local:E:5b061611] logged in with entity id 251 at (-249.00662053958632, 72.99059121965158, 219.93931188664072)
[15:20:23] [Server thread/INFO]: Player745 joined the game
[15:20:28] [Chunk Batcher 0/WARN]: Needed to grow BufferBuilder buffer: Old size 524288 bytes, new size 2621440 bytes.
[15:20:31] [Chunk Batcher 0/WARN]: Needed to grow BufferBuilder buffer: Old size 524288 bytes, new size 2621440 bytes.
[15:20:52] [Server thread/INFO]: [CHAT] Set The Controller Blocks first. (Right Click BlockMovingController)
[15:20:52] [Server thread/INFO]: [CHAT] Set The Controller Blocks first. (Right Click BlockMovingController)
[15:20:55] [Client thread/INFO]: Stopping!
[15:20:55] [Client thread/INFO]: SoundSystem shutting down...
[15:20:55] [Client thread/WARN]: Author: Paul Lamb, www.paulscode.com
[15:20:55] [Server thread/INFO]: Stopping server
[15:20:55] [Server thread/INFO]: Saving players
[15:20:55] [Server thread/INFO]: Saving worlds
[15:20:55] [Client Shutdown Thread/INFO]: Stopping server
[15:20:55] [Server thread/INFO]: Saving chunks for level 'New World'/Overworld
[15:20:55] [Client Shutdown Thread/INFO]: Saving players
[15:20:55] [Client Shutdown Thread/INFO]: Saving worlds
[15:20:55] [Client Shutdown Thread/INFO]: Saving chunks for level 'New World'/Overworld
